09:41:23:537  INFO 11100 --- [main] com.hmall.HMallApplication               : Starting HMallApplication using Java 17.0.11 on MSI with PID 11100 (D:\BaiduNetdiskDownload\SpringCloud\day02-Docker\资料\hmall\hm-service\target\classes started by 86138 in D:\BaiduNetdiskDownload\SpringCloud\day02-Docker\资料\hmall)
09:41:23:544 DEBUG 11100 --- [main] com.hmall.HMallApplication               : Running with Spring Boot v2.7.12, Spring v5.3.27
09:41:23:544  INFO 11100 --- [main] com.hmall.HMallApplication               : The following 1 profile is active: "local"
09:41:24:893  INFO 11100 --- [main] .s.d.r.c.RepositoryConfigurationDelegate : Multiple Spring Data modules found, entering strict repository configuration mode
09:41:24:898  INFO 11100 --- [main] .s.d.r.c.RepositoryConfigurationDelegate : Bootstrapping Spring Data Redis repositories in DEFAULT mode.
09:41:24:939  INFO 11100 --- [main] .s.d.r.c.RepositoryConfigurationDelegate : Finished Spring Data repository scanning in 21 ms. Found 0 Redis repository interfaces.
09:41:25:559  INFO 11100 --- [main] o.s.b.w.embedded.tomcat.TomcatWebServer  : Tomcat initialized with port(s): 8080 (http)
09:41:25:567  INFO 11100 --- [main] o.apache.catalina.core.StandardService   : Starting service [Tomcat]
09:41:25:567  INFO 11100 --- [main] org.apache.catalina.core.StandardEngine  : Starting Servlet engine: [Apache Tomcat/9.0.75]
09:41:25:702  INFO 11100 --- [main] o.a.c.c.C.[Tomcat].[localhost].[/]       : Initializing Spring embedded WebApplicationContext
09:41:25:702  INFO 11100 --- [main] w.s.c.ServletWebServerApplicationContext : Root WebApplicationContext: initialization completed in 2104 ms
09:41:27:259  INFO 11100 --- [main] pertySourcedRequestMappingHandlerMapping : Mapped URL path [/v2/api-docs] onto method [springfox.documentation.swagger2.web.Swagger2ControllerWebMvc#getDocumentation(String, HttpServletRequest)]
09:41:27:688  WARN 11100 --- [main] ConfigServletWebServerApplicationContext : Exception encountered during context initialization - cancelling refresh attempt: org.springframework.context.ApplicationContextException: Failed to start bean 'webServerStartStop'; nested exception is org.springframework.boot.web.server.PortInUseException: Port 8080 is already in use
09:41:27:712  INFO 11100 --- [main] o.apache.catalina.core.StandardService   : Stopping service [Tomcat]
09:41:27:724  INFO 11100 --- [main] ConditionEvaluationReportLoggingListener : 

Error starting ApplicationContext. To display the conditions report re-run your application with 'debug' enabled.
09:41:27:738 ERROR 11100 --- [main] o.s.b.d.LoggingFailureAnalysisReporter   : 

***************************
APPLICATION FAILED TO START
***************************

Description:

Web server failed to start. Port 8080 was already in use.

Action:

Identify and stop the process that's listening on port 8080 or configure this application to listen on another port.

